app/build/outputs/logs/manifest-merger-release-report.txt
-- Merging decision tree log ---
manifest
ADDED from src\main\AndroidManifest.xml:2:1-583:12
INJECTED from src\main\AndroidManifest.xml:2:1-583:12
INJECTED from src\main\AndroidManifest.xml:2:1-583:12
INJECTED from src\main\AndroidManifest.xml:2:1-583:12
MERGED from [com.android.support:support-v4:28.0.0] AndroidManifest.xml:17:1-22:12
MERGED from [com.android.support:support-media-compat:28.0.0] AndroidManifest.xml:17:1-22:12
MERGED from [com.android.support:support-fragment:28.0.0] AndroidManifest.xml:17:1-22:12
MERGED from [com.android.support:support-core-ui:28.0.0] AndroidManifest.xml:17:1-22:12
MERGED from [com.android.support:support-core-utils:28.0.0] AndroidManifest.xml:17:1-22:12
MERGED from [com.android.support:loader:28.0.0] AndroidManifest.xml:17:1-22:12
MERGED from [com.android.support:viewpager:28.0.0] AndroidManifest.xml:17:1-22:12
MERGED from [com.android.support:coordinatorlayout:28.0.0] AndroidManifest.xml:17:1-22:12
MERGED from [com.android.support:drawerlayout:28.0.0] AndroidManifest.xml:17:1-22:12
MERGED from [com.android.support:slidingpanelayout:28.0.0] AndroidManifest.xml:17:1-22:12
MERGED from [com.android.support:customview:28.0.0] AndroidManifest.xml:17:1-22:12
MERGED from [com.android.support:swiperefreshlayout:28.0.0] AndroidManifest.xml:17:1-22:12
MERGED from [com.android.support:asynclayoutinflater:28.0.0] AndroidManifest.xml:17:1-22:12
MERGED from [com.android.support:support-compat:28.0.0] AndroidManifest.xml:17:1-24:12
MERGED from [com.android.support:versionedparcelable:28.0.0] AndroidManifest.xml:17:1-25:12
MERGED from [android.arch.lifecycle:runtime:1.1.1] AndroidManifest.xml:17:1-22:12
MERGED from [com.android.support:documentfile:28.0.0] AndroidManifest.xml:17:1-22:12
MERGED from [com.android.support:localbroadcastmanager:28.0.0] AndroidManifest.xml:17:1-22:12
MERGED from [com.android.support:print:28.0.0] AndroidManifest.xml:17:1-22:12
MERGED from [com.android.support:interpolator:28.0.0] AndroidManifest.xml:17:1-22:12
MERGED from [com.android.support:cursoradapter:28.0.0] AndroidManifest.xml:17:1-22:12
MERGED from [android.arch.lifecycle:viewmodel:1.1.1] AndroidManifest.xml:17:1-22:12
MERGED from [android.arch.lifecycle:livedata:1.1.1] AndroidManifest.xml:17:1-22:12
MERGED from [android.arch.lifecycle:livedata-core:1.1.1] AndroidManifest.xml:17:1-22:12
MERGED from [android.arch.core:runtime:1.1.1] AndroidManifest.xml:17:1-22:12
INJECTED from src\main\AndroidManifest.xml:2:1-583:12
INJECTED from src\main\AndroidManifest.xml:2:1-583:12
INJECTED from src\main\AndroidManifest.xml:2:1-583:12
	package
		ADDED from src\main\AndroidManifest.xml:3:5-32
		INJECTED from src\main\AndroidManifest.xml
		INJECTED from src\main\AndroidManifest.xml
	android:versionName
		ADDED from src\main\AndroidManifest.xml:6:5-31
		INJECTED from src\main\AndroidManifest.xml
		INJECTED from src\main\AndroidManifest.xml
	xmlns:android
		ADDED from src\main\AndroidManifest.xml:2:11-69
	android:versionCode
		ADDED from src\main\AndroidManifest.xml:5:5-28
		INJECTED from src\main\AndroidManifest.xml
		INJECTED from src\main\AndroidManifest.xml
	android:installLocation
		ADDED from src\main\AndroidManifest.xml:4:5-43
uses-permission#android.permission.SYSTEM_ALERT_WINDOW
ADDED from src\main\AndroidManifest.xml:8:5-78
	android:name
		ADDED from src\main\AndroidManifest.xml:8:22-75
uses-permission#android.permission.READ_EXTERNAL_STORAGE
ADDED from src\main\AndroidManifest.xml:11:5-80
	android:name
		ADDED from src\main\AndroidManifest.xml:11:22-77
uses-permission#android.permission.WRITE_EXTERNAL_STORAGE
ADDED from src\main\AndroidManifest.xml:12:5-81
	android:name
		ADDED from src\main\AndroidManifest.xml:12:22-78
uses-permission#android.permission.GET_TASKS
ADDED from src\main\AndroidManifest.xml:13:5-68
	android:name
		ADDED from src\main\AndroidManifest.xml:13:22-65
uses-permission#android.permission.RESTART_PACKAGES
ADDED from src\main\AndroidManifest.xml:14:5-75
	android:name
		ADDED from src\main\AndroidManifest.xml:14:22-72
uses-permission#android.permission.READ_CONTACTS
ADDED from src\main\AndroidManifest.xml:15:5-72
	android:name
		ADDED from src\main\AndroidManifest.xml:15:22-69
uses-permission#android.permission.VIBRATE
ADDED from src\main\AndroidManifest.xml:16:5-66
	android:name
		ADDED from src\main\AndroidManifest.xml:16:22-63
uses-permission#android.permission.ACCESS_COARSE_LOCATION
ADDED from src\main\AndroidManifest.xml:17:5-81
	android:name
		ADDED from src\main\AndroidManifest.xml:17:22-78
uses-permission#android.permission.ACCESS_FINE_LOCATION
ADDED from src\main\AndroidManifest.xml:18:5-79
	android:name
		ADDED from src\main\AndroidManifest.xml:18:22-76
uses-permission#android.permission.ACCESS_WIFI_STATE
ADDED from src\main\AndroidManifest.xml:19:5-76
	android:name
		ADDED from src\main\AndroidManifest.xml:19:22-73
uses-permission#android.permission.ACCESS_NETWORK_STATE
ADDED from src\main\AndroidManifest.xml:20:5-79
	android:name
		ADDED from src\main\AndroidManifest.xml:20:22-76
uses-permission#android.permission.CHANGE_WIFI_STATE
ADDED from src\main\AndroidManifest.xml:21:5-76
	android:name
		ADDED from src\main\AndroidManifest.xml:21:22-73
uses-permission#android.permission.READ_PHONE_STATE
ADDED from src\main\AndroidManifest.xml:22:5-75
	android:name
		ADDED from src\main\AndroidManifest.xml:22:22-72
uses-permission#android.permission.INTERNET
ADDED from src\main\AndroidManifest.xml:23:5-67
	android:name
		ADDED from src\main\AndroidManifest.xml:23:22-64
uses-permission#android.permission.CALL_PHONE
ADDED from src\main\AndroidManifest.xml:24:5-69
	android:name
		ADDED from src\main\AndroidManifest.xml:24:22-66
uses-permission#android.permission.CAMERA
ADDED from src\main\AndroidManifest.xml:25:5-65
	android:name
		ADDED from src\main\AndroidManifest.xml:25:22-62
uses-permission#android.permission.RECEIVE_BOOT_COMPLETED
ADDED from src\main\AndroidManifest.xml:26:5-81
	android:name
		ADDED from src\main\AndroidManifest.xml:26:22-78
uses-permission#android.permission.FLASHLIGHT
ADDED from src\main\AndroidManifest.xml:27:5-69
	android:name
		ADDED from src\main\AndroidManifest.xml:27:22-66
uses-permission#android.permission.WAKE_LOCK
ADDED from src\main\AndroidManifest.xml:28:5-68
	android:name
		ADDED from src\main\AndroidManifest.xml:28:22-65
uses-feature#android.hardware.camera
ADDED from src\main\AndroidManifest.xml:30:5-60
	android:name
		ADDED from src\main\AndroidManifest.xml:30:19-57
uses-feature#android.hardware.camera.autofocus
ADDED from src\main\AndroidManifest.xml:31:5-70
	android:name
		ADDED from src\main\AndroidManifest.xml:31:19-67
uses-permission#com.android.launcher.permission.READ_SETTINGS
ADDED from src\main\AndroidManifest.xml:33:5-85
	android:name
		ADDED from src\main\AndroidManifest.xml:33:22-82
application
ADDED from src\main\AndroidManifest.xml:35:5-581:19
MERGED from [com.android.support:support-compat:28.0.0] AndroidManifest.xml:22:5-94
MERGED from [com.android.support:support-compat:28.0.0] AndroidManifest.xml:22:5-94
MERGED from [com.android.support:versionedparcelable:28.0.0] AndroidManifest.xml:22:5-23:19
MERGED from [com.android.support:versionedparcelable:28.0.0] AndroidManifest.xml:22:5-23:19
	android:appComponentFactory
		ADDED from [com.android.support:support-compat:28.0.0] AndroidManifest.xml:22:18-91
	android:label
		ADDED from src\main\AndroidManifest.xml:37:9-41
	android:icon
		ADDED from src\main\AndroidManifest.xml:36:9-38
	android:theme
		ADDED from src\main\AndroidManifest.xml:39:9-40
	android:networkSecurityConfig
		ADDED from src\main\AndroidManifest.xml:38:9-69
meta-data#com.baidu.lbsapi.API_KEY
ADDED from src\main\AndroidManifest.xml:40:9-42:64
	android:value
		ADDED from src\main\AndroidManifest.xml:42:13-61
	android:name
		ADDED from src\main\AndroidManifest.xml:41:13-52
activity#com.single.activity.load.LoadingActivity
ADDED from src\main\AndroidManifest.xml:43:9-53:20
	android:screenOrientation
		ADDED from src\main\AndroidManifest.xml:47:13-49
	android:label
		ADDED from src\main\AndroidManifest.xml:46:13-45
	android:icon
		ADDED from src\main\AndroidManifest.xml:45:13-42
	android:name
		ADDED from src\main\AndroidManifest.xml:44:13-68
intent-filter#action:name:android.intent.action.MAIN+category:name:android.intent.category.LAUNCHER
ADDED from src\main\AndroidManifest.xml:48:13-52:29
action#android.intent.action.MAIN
ADDED from src\main\AndroidManifest.xml:49:17-69
	android:name
		ADDED from src\main\AndroidManifest.xml:49:25-66
category#android.intent.category.LAUNCHER
ADDED from src\main\AndroidManifest.xml:51:17-77
	android:name
		ADDED from src\main\AndroidManifest.xml:51:27-74
activity#com.single.activity.login.LoginActivity
ADDED from src\main\AndroidManifest.xml:54:9-57:52
	android:screenOrientation
		ADDED from src\main\AndroidManifest.xml:57:13-49
	android:launchMode
		ADDED from src\main\AndroidManifest.xml:56:13-44
	android:name
		ADDED from src\main\AndroidManifest.xml:55:13-67
activity#com.single.activity.esp.MainMenuActivity
ADDED from src\main\AndroidManifest.xml:58:9-61:52
	android:screenOrientation
		ADDED from src\main\AndroidManifest.xml:61:13-49
	android:launchMode
		ADDED from src\main\AndroidManifest.xml:60:13-44
	android:name
		ADDED from src\main\AndroidManifest.xml:59:13-68
activity#com.single.activity.esp.InformationReceivinglist
ADDED from src\main\AndroidManifest.xml:62:9-65:52
	android:screenOrientation
		ADDED from src\main\AndroidManifest.xml:65:13-49
	android:launchMode
		ADDED from src\main\AndroidManifest.xml:64:13-44
	android:name
		ADDED from src\main\AndroidManifest.xml:63:13-76
activity#com.single.activity.esp.InformationReceivinglist_Dzqd
ADDED from src\main\AndroidManifest.xml:66:9-69:52
	android:screenOrientation
		ADDED from src\main\AndroidManifest.xml:69:13-49
	android:launchMode
		ADDED from src\main\AndroidManifest.xml:68:13-44
	android:name
		ADDED from src\main\AndroidManifest.xml:67:13-81
activity#com.single.activity.esp.InformationReceivingActivity
ADDED from src\main\AndroidManifest.xml:70:9-73:52
	android:screenOrientation
		ADDED from src\main\AndroidManifest.xml:73:13-49
	android:launchMode
		ADDED from src\main\AndroidManifest.xml:72:13-44
	android:name
		ADDED from src\main\AndroidManifest.xml:71:13-80
activity#com.single.activity.esp.InformationReceivingActivity_Dzqd
ADDED from src\main\AndroidManifest.xml:74:9-77:52
	android:screenOrientation
		ADDED from src\main\AndroidManifest.xml:77:13-49
	android:launchMode
		ADDED from src\main\AndroidManifest.xml:76:13-44
	android:name
		ADDED from src\main\AndroidManifest.xml:75:13-85
activity#com.single.activity.esp.ArrivalConfirmationActivity
ADDED from src\main\AndroidManifest.xml:78:9-81:52
	android:screenOrientation
		ADDED from src\main\AndroidManifest.xml:81:13-49
	android:launchMode
		ADDED from src\main\AndroidManifest.xml:80:13-44
	android:name
		ADDED from src\main\AndroidManifest.xml:79:13-79
activity#com.single.activity.esp.BaiDuGpsActivity
ADDED from src\main\AndroidManifest.xml:82:9-85:52
	android:screenOrientation
		ADDED from src\main\AndroidManifest.xml:85:13-49
	android:launchMode
		ADDED from src\main\AndroidManifest.xml:84:13-44
	android:name
		ADDED from src\main\AndroidManifest.xml:83:13-68
activity#com.single.activity.esp.ServiceReportslist
ADDED from src\main\AndroidManifest.xml:86:9-89:52
	android:screenOrientation
		ADDED from src\main\AndroidManifest.xml:89:13-49
	android:launchMode
		ADDED from src\main\AndroidManifest.xml:88:13-44
	android:name
		ADDED from src\main\AndroidManifest.xml:87:13-70
activity#com.single.activity.esp.ServiceReportsComplete
ADDED from src\main\AndroidManifest.xml:90:9-93:52
	android:screenOrientation
		ADDED from src\main\AndroidManifest.xml:93:13-49
	android:launchMode
		ADDED from src\main\AndroidManifest.xml:92:13-44
	android:name
		ADDED from src\main\AndroidManifest.xml:91:13-74
activity#com.single.activity.esp.ServiceReportsAppraiseActivity
ADDED from src\main\AndroidManifest.xml:94:9-97:52
	android:screenOrientation
		ADDED from src\main\AndroidManifest.xml:97:13-49
	android:launchMode
		ADDED from src\main\AndroidManifest.xml:96:13-44
	android:name
		ADDED from src\main\AndroidManifest.xml:95:13-82
activity#com.single.activity.esp.ZZServiceReportslist
ADDED from src\main\AndroidManifest.xml:98:9-101:52
	android:screenOrientation
		ADDED from src\main\AndroidManifest.xml:101:13-49
	android:launchMode
		ADDED from src\main\AndroidManifest.xml:100:13-44
	android:name
		ADDED from src\main\AndroidManifest.xml:99:13-72
activity#com.single.activity.esp.BusinessAcceptanceSure
ADDED from src\main\AndroidManifest.xml:102:9-105:52
	android:screenOrientation
		ADDED from src\main\AndroidManifest.xml:105:13-49
	android:configChanges
		ADDED from src\main\AndroidManifest.xml:104:13-74
	android:name
		ADDED from src\main\AndroidManifest.xml:103:13-74
activity#com.single.activity.esp.PGDCaseActivity
ADDED from src\main\AndroidManifest.xml:106:9-109:52
	android:screenOrientation
		ADDED from src\main\AndroidManifest.xml:109:13-49
	android:launchMode
		ADDED from src\main\AndroidManifest.xml:108:13-44
	android:name
		ADDED from src\main\AndroidManifest.xml:107:13-67
activity#com.single.activity.js.FyqrActivity
ADDED from src\main\AndroidManifest.xml:110:9-113:52
	android:screenOrientation
		ADDED from src\main\AndroidManifest.xml:113:13-49
	android:launchMode
		ADDED from src\main\AndroidManifest.xml:112:13-44
	android:name
		ADDED from src\main\AndroidManifest.xml:111:13-63
activity#com.single.activity.esp.PGDquerychooseActivity
ADDED from src\main\AndroidManifest.xml:114:9-117:52
	android:screenOrientation
		ADDED from src\main\AndroidManifest.xml:117:13-49
	android:launchMode
		ADDED from src\main\AndroidManifest.xml:116:13-44
	android:name
		ADDED from src\main\AndroidManifest.xml:115:13-74
activity#com.single.activity.esp.PGDqueryActivity
ADDED from src\main\AndroidManifest.xml:118:9-121:52
	android:screenOrientation
		ADDED from src\main\AndroidManifest.xml:121:13-49
	android:launchMode
		ADDED from src\main\AndroidManifest.xml:120:13-44
	android:name
		ADDED from src\main\AndroidManifest.xml:119:13-68
activity#com.single.activity.js.FyqrCompleteActivity
ADDED from src\main\AndroidManifest.xml:122:9-125:52
	android:screenOrientation
		ADDED from src\main\AndroidManifest.xml:125:13-49
	android:launchMode
		ADDED from src\main\AndroidManifest.xml:124:13-44
	android:name
		ADDED from src\main\AndroidManifest.xml:123:13-71
activity#com.single.activity.w.ChangePasswordActivity
ADDED from src\main\AndroidManifest.xml:126:9-129:52
	android:screenOrientation
		ADDED from src\main\AndroidManifest.xml:129:13-49
	android:launchMode
		ADDED from src\main\AndroidManifest.xml:128:13-44
	android:name
		ADDED from src\main\AndroidManifest.xml:127:13-72
activity#com.single.activity.esp.ChooseXQ
ADDED from src\main\AndroidManifest.xml:130:9-132:52
	android:screenOrientation
		ADDED from src\main\AndroidManifest.xml:132:13-49
	android:name
		ADDED from src\main\AndroidManifest.xml:131:13-60
activity#com.single.activity.esp.ChooseFBF
ADDED from src\main\AndroidManifest.xml:133:9-135:52
	android:screenOrientation
		ADDED from src\main\AndroidManifest.xml:135:13-49
	android:name
		ADDED from src\main\AndroidManifest.xml:134:13-61
activity#com.single.activity.esp.ChooseSblx
ADDED from src\main\AndroidManifest.xml:136:9-138:52
	android:screenOrientation
		ADDED from src\main\AndroidManifest.xml:138:13-49
	android:name
		ADDED from src\main\AndroidManifest.xml:137:13-62
activity#com.single.activity.esp.ChooseSb
ADDED from src\main\AndroidManifest.xml:139:9-141:52
	android:screenOrientation
		ADDED from src\main\AndroidManifest.xml:141:13-49
	android:name
		ADDED from src\main\AndroidManifest.xml:140:13-60
activity#com.single.activity.esp.ChooseFylx
ADDED from src\main\AndroidManifest.xml:142:9-144:52
	android:screenOrientation
		ADDED from src\main\AndroidManifest.xml:144:13-49
	android:name
		ADDED from src\main\AndroidManifest.xml:143:13-62
activity#com.single.activity.esp.ChooseKhwd
ADDED from src\main\AndroidManifest.xml:145:9-147:52
	android:screenOrientation
		ADDED from src\main\AndroidManifest.xml:147:13-49
	android:name
		ADDED from src\main\AndroidManifest.xml:146:13-62
activity#com.single.activity.esp.ChooseSssqx
ADDED from src\main\AndroidManifest.xml:148:9-150:52
	android:screenOrientation
		ADDED from src\main\AndroidManifest.xml:150:13-49
	android:name
		ADDED from src\main\AndroidManifest.xml:149:13-63
activity#com.single.activity.esp.AddPartsAdd
ADDED from src\main\AndroidManifest.xml:151:9-153:52
	android:screenOrientation
		ADDED from src\main\AndroidManifest.xml:153:13-49
	android:name
		ADDED from src\main\AndroidManifest.xml:152:13-63
activity#com.single.activity.esp.ChoosePjlx
ADDED from src\main\AndroidManifest.xml:154:9-156:52
	android:screenOrientation
		ADDED from src\main\AndroidManifest.xml:156:13-49
	android:name
		ADDED from src\main\AndroidManifest.xml:155:13-62
activity#com.single.activity.esp.AddParts
ADDED from src\main\AndroidManifest.xml:157:9-160:52
	android:screenOrientation
		ADDED from src\main\AndroidManifest.xml:160:13-49
	android:configChanges
		ADDED from src\main\AndroidManifest.xml:159:13-63
	android:name
		ADDED from src\main\AndroidManifest.xml:158:13-60
activity#com.single.activity.js.YingShouKuanList
ADDED from src\main\AndroidManifest.xml:161:9-164:52
	android:screenOrientation
		ADDED from src\main\AndroidManifest.xml:164:13-49
	android:launchMode
		ADDED from src\main\AndroidManifest.xml:163:13-44
	android:name
		ADDED from src\main\AndroidManifest.xml:162:13-67
activity#com.single.activity.js.LiuShuiZhanglist
ADDED from src\main\AndroidManifest.xml:165:9-168:52
	android:screenOrientation
		ADDED from src\main\AndroidManifest.xml:168:13-49
	android:launchMode
		ADDED from src\main\AndroidManifest.xml:167:13-44
	android:name
		ADDED from src\main\AndroidManifest.xml:166:13-67
activity#com.single.activity.js.LiuShuiZhangActivity
ADDED from src\main\AndroidManifest.xml:169:9-172:52
	android:screenOrientation
		ADDED from src\main\AndroidManifest.xml:172:13-49
	android:launchMode
		ADDED from src\main\AndroidManifest.xml:171:13-44
	android:name
		ADDED from src\main\AndroidManifest.xml:170:13-71
activity#com.single.activity.esp.YytReportedActivity
ADDED from src\main\AndroidManifest.xml:173:9-175:52
	android:screenOrientation
		ADDED from src\main\AndroidManifest.xml:175:13-49
	android:name
		ADDED from src\main\AndroidManifest.xml:174:13-71
activity#com.single.activity.esp.CustomerDispatchinglist
ADDED from src\main\AndroidManifest.xml:176:9-178:52
	android:screenOrientation
		ADDED from src\main\AndroidManifest.xml:178:13-49
	android:name
		ADDED from src\main\AndroidManifest.xml:177:13-75
activity#com.single.activity.esp.CustomerDispatchingActivity
ADDED from src\main\AndroidManifest.xml:179:9-181:52
	android:screenOrientation
		ADDED from src\main\AndroidManifest.xml:181:13-49
	android:name
		ADDED from src\main\AndroidManifest.xml:180:13-79
activity#com.single.activity.esp.TimeYuyuelist
ADDED from src\main\AndroidManifest.xml:182:9-184:52
	android:screenOrientation
		ADDED from src\main\AndroidManifest.xml:184:13-49
	android:name
		ADDED from src\main\AndroidManifest.xml:183:13-65
activity#com.single.activity.esp.TimeYuyueActivity
ADDED from src\main\AndroidManifest.xml:185:9-187:52
	android:screenOrientation
		ADDED from src\main\AndroidManifest.xml:187:13-49
	android:name
		ADDED from src\main\AndroidManifest.xml:186:13-69
activity#com.single.activity.esp.DispatchingInformationReceivingActivity
ADDED from src\main\AndroidManifest.xml:188:9-190:52
	android:screenOrientation
		ADDED from src\main\AndroidManifest.xml:190:13-49
	android:name
		ADDED from src\main\AndroidManifest.xml:189:13-91
activity#com.single.activity.esp.DispatchingInformationConfirmActivity
ADDED from src\main\AndroidManifest.xml:191:9-193:52
	android:screenOrientation
		ADDED from src\main\AndroidManifest.xml:193:13-49
	android:name
		ADDED from src\main\AndroidManifest.xml:192:13-89
activity#com.single.activity.esp.ShowGpsActivity
ADDED from src\main\AndroidManifest.xml:194:9-196:52
	android:screenOrientation
		ADDED from src\main\AndroidManifest.xml:196:13-49
	android:name
		ADDED from src\main\AndroidManifest.xml:195:13-67
activity#com.single.activity.esp.ServiceReportsConfirmActivity
ADDED from src\main\AndroidManifest.xml:198:9-200:52
	android:screenOrientation
		ADDED from src\main\AndroidManifest.xml:200:13-49
	android:name
		ADDED from src\main\AndroidManifest.xml:199:13-81
activity#com.single.activity.esp.KHchooseActivity
ADDED from src\main\AndroidManifest.xml:203:9-205:52
	android:screenOrientation
		ADDED from src\main\AndroidManifest.xml:205:13-49
	android:name
		ADDED from src\main\AndroidManifest.xml:204:13-68
activity#com.single.activity.esp.ChooseYYT
ADDED from src\main\AndroidManifest.xml:206:9-208:52
	android:screenOrientation
		ADDED from src\main\AndroidManifest.xml:208:13-49
	android:name
		ADDED from src\main\AndroidManifest.xml:207:13-61
activity#com.single.activity.esp.ServiceReportsAppraise
ADDED from src\main\AndroidManifest.xml:209:9-211:52
	android:screenOrientation
		ADDED from src\main\AndroidManifest.xml:211:13-49
	android:name
		ADDED from src\main\AndroidManifest.xml:210:13-74
activity#com.single.activity.esp.SheBeiPDActivity
ADDED from src\main\AndroidManifest.xml:212:9-214:52
	android:screenOrientation
		ADDED from src\main\AndroidManifest.xml:214:13-49
	android:name
		ADDED from src\main\AndroidManifest.xml:213:13-68
activity#com.single.activity.esp.NotificationOrderActivity
ADDED from src\main\AndroidManifest.xml:215:9-218:52
	android:screenOrientation
		ADDED from src\main\AndroidManifest.xml:218:13-49
	android:configChanges
		ADDED from src\main\AndroidManifest.xml:217:13-63
	android:name
		ADDED from src\main\AndroidManifest.xml:216:13-77
activity#com.single.activity.esp.NotificationOrderList
ADDED from src\main\AndroidManifest.xml:219:9-222:52
	android:screenOrientation
		ADDED from src\main\AndroidManifest.xml:222:13-49
	android:configChanges
		ADDED from src\main\AndroidManifest.xml:221:13-63
	android:name
		ADDED from src\main\AndroidManifest.xml:220:13-73
activity#com.single.activity.esp.ChooseAZXQ
ADDED from src\main\AndroidManifest.xml:223:9-226:52
	android:screenOrientation
		ADDED from src\main\AndroidManifest.xml:226:13-49
	android:configChanges
		ADDED from src\main\AndroidManifest.xml:225:13-63
	android:name
		ADDED from src\main\AndroidManifest.xml:224:13-62
activity#com.single.activity.esp.BusinessQueryList
ADDED from src\main\AndroidManifest.xml:227:9-230:52
	android:screenOrientation
		ADDED from src\main\AndroidManifest.xml:230:13-49
	android:configChanges
		ADDED from src\main\AndroidManifest.xml:229:13-63
	android:name
		ADDED from src\main\AndroidManifest.xml:228:13-69
activity#com.single.activity.esp.BusinessQueryActivity
ADDED from src\main\AndroidManifest.xml:231:9-234:52
	android:screenOrientation
		ADDED from src\main\AndroidManifest.xml:234:13-49
	android:configChanges
		ADDED from src\main\AndroidManifest.xml:233:13-63
	android:name
		ADDED from src\main\AndroidManifest.xml:232:13-73
activity#com.single.activity.esp.SingleInActivity
ADDED from src\main\AndroidManifest.xml:235:9-238:52
	android:screenOrientation
		ADDED from src\main\AndroidManifest.xml:238:13-49
	android:configChanges
		ADDED from src\main\AndroidManifest.xml:237:13-63
	android:name
		ADDED from src\main\AndroidManifest.xml:236:13-68
activity#com.single.activity.register.RegisterActivity
ADDED from src\main\AndroidManifest.xml:239:9-242:52
	android:screenOrientation
		ADDED from src\main\AndroidManifest.xml:242:13-49
	android:configChanges
		ADDED from src\main\AndroidManifest.xml:241:13-63
	android:name
		ADDED from src\main\AndroidManifest.xml:240:13-73
activity#com.single.activity.register.RegisterConfirmActivity
ADDED from src\main\AndroidManifest.xml:243:9-246:52
	android:screenOrientation
		ADDED from src\main\AndroidManifest.xml:246:13-49
	android:configChanges
		ADDED from src\main\AndroidManifest.xml:245:13-63
	android:name
		ADDED from src\main\AndroidManifest.xml:244:13-80
activity#com.single.activity.register.RegisterAgreeActivity
ADDED from src\main\AndroidManifest.xml:247:9-250:52
	android:screenOrientation
		ADDED from src\main\AndroidManifest.xml:250:13-49
	android:configChanges
		ADDED from src\main\AndroidManifest.xml:249:13-63
	android:name
		ADDED from src\main\AndroidManifest.xml:248:13-78
activity#com.single.activity.register.RegisterCompleteActivity
ADDED from src\main\AndroidManifest.xml:251:9-254:52
	android:screenOrientation
		ADDED from src\main\AndroidManifest.xml:254:13-49
	android:configChanges
		ADDED from src\main\AndroidManifest.xml:253:13-63
	android:name
		ADDED from src\main\AndroidManifest.xml:252:13-81
activity#com.single.activity.esp.RyxxActivity
ADDED from src\main\AndroidManifest.xml:255:9-259:20
	android:screenOrientation
		ADDED from src\main\AndroidManifest.xml:258:13-49
	android:configChanges
		ADDED from src\main\AndroidManifest.xml:257:13-63
	android:name
		ADDED from src\main\AndroidManifest.xml:256:13-64
activity#com.single.activity.w.QyxxActivity
ADDED from src\main\AndroidManifest.xml:260:9-264:20
	android:screenOrientation
		ADDED from src\main\AndroidManifest.xml:263:13-49
	android:configChanges
		ADDED from src\main\AndroidManifest.xml:262:13-63
	android:name
		ADDED from src\main\AndroidManifest.xml:261:13-62
activity#com.single.activity.esp.JbxxActivity
ADDED from src\main\AndroidManifest.xml:265:9-269:20
	android:screenOrientation
		ADDED from src\main\AndroidManifest.xml:268:13-49
	android:configChanges
		ADDED from src\main\AndroidManifest.xml:267:13-63
	android:name
		ADDED from src\main\AndroidManifest.xml:266:13-64
activity#com.single.activity.w.YhkxxActivity
ADDED from src\main\AndroidManifest.xml:270:9-274:20
	android:screenOrientation
		ADDED from src\main\AndroidManifest.xml:273:13-49
	android:configChanges
		ADDED from src\main\AndroidManifest.xml:272:13-63
	android:name
		ADDED from src\main\AndroidManifest.xml:271:13-63
activity#com.single.activity.w.YHKInfoActivity
ADDED from src\main\AndroidManifest.xml:275:9-280:20
	android:screenOrientation
		ADDED from src\main\AndroidManifest.xml:278:13-49
	android:windowSoftInputMode
		ADDED from src\main\AndroidManifest.xml:279:13-72
	android:configChanges
		ADDED from src\main\AndroidManifest.xml:277:13-63
	android:name
		ADDED from src\main\AndroidManifest.xml:276:13-65
activity#com.single.activity.w.XxglActivity
ADDED from src\main\AndroidManifest.xml:281:9-285:20
	android:screenOrientation
		ADDED from src\main\AndroidManifest.xml:284:13-49
	android:configChanges
		ADDED from src\main\AndroidManifest.xml:283:13-63
	android:name
		ADDED from src\main\AndroidManifest.xml:282:13-62
activity#com.single.activity.w.XxglShowActivity
ADDED from src\main\AndroidManifest.xml:286:9-290:20
	android:screenOrientation
		ADDED from src\main\AndroidManifest.xml:289:13-49
	android:configChanges
		ADDED from src\main\AndroidManifest.xml:288:13-63
	android:name
		ADDED from src\main\AndroidManifest.xml:287:13-66
activity#com.single.activity.esp.InformationReceivingRefuseList
ADDED from src\main\AndroidManifest.xml:291:9-295:20
	android:screenOrientation
		ADDED from src\main\AndroidManifest.xml:294:13-49
	android:configChanges
		ADDED from src\main\AndroidManifest.xml:293:13-63
	android:name
		ADDED from src\main\AndroidManifest.xml:292:13-82
activity#com.single.activity.esp.InformationReceivingRefuseActivity
ADDED from src\main\AndroidManifest.xml:296:9-300:20
	android:screenOrientation
		ADDED from src\main\AndroidManifest.xml:299:13-49
	android:configChanges
		ADDED from src\main\AndroidManifest.xml:298:13-63
	android:name
		ADDED from src\main\AndroidManifest.xml:297:13-86
activity#com.single.activity.kc.KccxActivity
ADDED from src\main\AndroidManifest.xml:301:9-305:20
	android:screenOrientation
		ADDED from src\main\AndroidManifest.xml:304:13-49
	android:configChanges
		ADDED from src\main\AndroidManifest.xml:303:13-63
	android:name
		ADDED from src\main\AndroidManifest.xml:302:13-63
activity#com.single.activity.kc.KccxShowActivity
ADDED from src\main\AndroidManifest.xml:306:9-310:20
	android:screenOrientation
		ADDED from src\main\AndroidManifest.xml:309:13-49
	android:configChanges
		ADDED from src\main\AndroidManifest.xml:308:13-63
	android:name
		ADDED from src\main\AndroidManifest.xml:307:13-67
activity#com.single.activity.w.YHKMbActivity
ADDED from src\main\AndroidManifest.xml:311:9-315:20
	android:screenOrientation
		ADDED from src\main\AndroidManifest.xml:314:13-49
	android:configChanges
		ADDED from src\main\AndroidManifest.xml:313:13-63
	android:name
		ADDED from src\main\AndroidManifest.xml:312:13-63
activity#com.single.activity.kc.WbdbckActivity
ADDED from src\main\AndroidManifest.xml:316:9-320:20
	android:screenOrientation
		ADDED from src\main\AndroidManifest.xml:319:13-49
	android:configChanges
		ADDED from src\main\AndroidManifest.xml:318:13-63
	android:name
		ADDED from src\main\AndroidManifest.xml:317:13-65
activity#com.single.activity.kc.WbdbckMxActivity
ADDED from src\main\AndroidManifest.xml:321:9-325:20
	android:screenOrientation
		ADDED from src\main\AndroidManifest.xml:324:13-49
	android:configChanges
		ADDED from src\main\AndroidManifest.xml:323:13-63
	android:name
		ADDED from src\main\AndroidManifest.xml:322:13-67
activity#com.single.activity.esp.ChooseActivity
ADDED from src\main\AndroidManifest.xml:326:9-330:20
	android:screenOrientation
		ADDED from src\main\AndroidManifest.xml:329:13-49
	android:configChanges
		ADDED from src\main\AndroidManifest.xml:328:13-63
	android:name
		ADDED from src\main\AndroidManifest.xml:327:13-66
activity#com.single.activity.kc.WbdbrkListActivity
ADDED from src\main\AndroidManifest.xml:331:9-335:20
	android:screenOrientation
		ADDED from src\main\AndroidManifest.xml:334:13-49
	android:configChanges
		ADDED from src\main\AndroidManifest.xml:333:13-63
	android:name